[2019-12-23 9:41:53,922]  FINE {org.wso2.carbon.server.util.PatchUtils processPatches} - Checking for patch changes ...  
[2019-12-23 9:41:53,931]  FINE {org.wso2.carbon.server.util.PatchUtils processPatches} - No new patch or service pack detected, server will start without applying patches   
[2019-12-23 9:41:53,933]  FINE {org.wso2.carbon.server.util.PatchUtils checkMD5Checksum} - Patch verification started  
[2019-12-23 9:41:53,936]  FINE {org.wso2.carbon.server.util.PatchUtils checkMD5Checksum} - Patch verification successfully completed  
[2019-12-23 11:21:20,579]  FINE {org.wso2.carbon.server.util.PatchUtils processPatches} - Checking for patch changes ...  
[2019-12-23 11:21:20,584]  FINE {org.wso2.carbon.server.util.PatchUtils processPatches} - No new patch or service pack detected, server will start without applying patches   
[2019-12-23 11:21:20,587]  FINE {org.wso2.carbon.server.util.PatchUtils checkMD5Checksum} - Patch verification started  
[2019-12-23 11:21:20,590]  FINE {org.wso2.carbon.server.util.PatchUtils checkMD5Checksum} - Patch verification successfully completed  
[2019-12-23 11:30:58,113]  FINE {org.wso2.carbon.server.util.PatchUtils processPatches} - Checking for patch changes ...  
[2019-12-23 11:30:58,120]  FINE {org.wso2.carbon.server.util.PatchUtils processPatches} - No new patch or service pack detected, server will start without applying patches   
[2019-12-23 11:30:58,122]  FINE {org.wso2.carbon.server.util.PatchUtils checkMD5Checksum} - Patch verification started  
[2019-12-23 11:30:58,125]  FINE {org.wso2.carbon.server.util.PatchUtils checkMD5Checksum} - Patch verification successfully completed  
[2019-12-23 11:31:32,551]  FINE {org.wso2.carbon.server.util.PatchUtils processPatches} - Checking for patch changes ...  
[2019-12-23 11:31:32,555]  FINE {org.wso2.carbon.server.util.PatchUtils processPatches} - No new patch or service pack detected, server will start without applying patches   
[2019-12-23 11:31:32,557]  FINE {org.wso2.carbon.server.util.PatchUtils checkMD5Checksum} - Patch verification started  
[2019-12-23 11:31:32,559]  FINE {org.wso2.carbon.server.util.PatchUtils checkMD5Checksum} - Patch verification successfully completed  
[2019-12-23 11:34:34,692]  SEVERE {org.wso2.carbon.server.Main handleConfiguration} - Error while performing configuration changes 
org.wso2.config.mapper.ConfigParserException: Error parsing deployment configuration
	at org.wso2.config.mapper.TomlParser.parse(TomlParser.java:140)
	at org.wso2.config.mapper.ConfigParser.parse(ConfigParser.java:249)
	at org.wso2.config.mapper.ConfigParser.deploy(ConfigParser.java:217)
	at org.wso2.config.mapper.ConfigParser.deployAndStoreMetadata(ConfigParser.java:180)
	at org.wso2.config.mapper.ConfigParser.parse(ConfigParser.java:127)
	at org.wso2.carbon.server.Main.handleConfiguration(Main.java:231)
	at org.wso2.carbon.server.Main.main(Main.java:103)
	at sun.reflect.NativeMethodAccessorImpl.invoke0(Native Method)
	at sun.reflect.NativeMethodAccessorImpl.invoke(NativeMethodAccessorImpl.java:62)
	at sun.reflect.DelegatingMethodAccessorImpl.invoke(DelegatingMethodAccessorImpl.java:43)
	at java.lang.reflect.Method.invoke(Method.java:498)
	at org.wso2.carbon.bootstrap.Bootstrap.loadClass(Bootstrap.java:70)
	at org.wso2.carbon.bootstrap.Bootstrap.main(Bootstrap.java:51)
 
